{"/home/usuario/prct06-generics-solid-JoseAngelGlz/src/ejercicio-3.ts": {"path":"/home/usuario/prct06-generics-solid-JoseAngelGlz/src/ejercicio-3.ts","all":true,"statementMap":{},"s":{},"branchMap":{"0":{"type":"branch","line":1,"loc":{"start":{"line":1,"column":1672},"end":{"line":61,"column":51}},"locations":[{"start":{"line":1,"column":1672},"end":{"line":61,"column":51}}]}},"b":{"0":[1]},"fnMap":{"0":{"name":"(empty-report)","decl":{"start":{"line":1,"column":1672},"end":{"line":61,"column":51}},"loc":{"start":{"line":1,"column":1672},"end":{"line":61,"column":51}},"line":1}},"f":{"0":1}}
,"/home/usuario/prct06-generics-solid-JoseAngelGlz/src/ejercicio-4.ts": {"path":"/home/usuario/prct06-generics-solid-JoseAngelGlz/src/ejercicio-4.ts","all":true,"statementMap":{},"s":{},"branchMap":{"0":{"type":"branch","line":1,"loc":{"start":{"line":1,"column":813},"end":{"line":46,"column":25}},"locations":[{"start":{"line":1,"column":813},"end":{"line":46,"column":25}}]}},"b":{"0":[1]},"fnMap":{"0":{"name":"(empty-report)","decl":{"start":{"line":1,"column":813},"end":{"line":46,"column":25}},"loc":{"start":{"line":1,"column":813},"end":{"line":46,"column":25}},"line":1}},"f":{"0":1}}
,"/home/usuario/prct06-generics-solid-JoseAngelGlz/src/ejercicio-5.ts": {"path":"/home/usuario/prct06-generics-solid-JoseAngelGlz/src/ejercicio-5.ts","all":true,"statementMap":{},"s":{},"branchMap":{"0":{"type":"branch","line":1,"loc":{"start":{"line":1,"column":1048},"end":{"line":34,"column":57}},"locations":[{"start":{"line":1,"column":1048},"end":{"line":34,"column":57}}]}},"b":{"0":[1]},"fnMap":{"0":{"name":"(empty-report)","decl":{"start":{"line":1,"column":1048},"end":{"line":34,"column":57}},"loc":{"start":{"line":1,"column":1048},"end":{"line":34,"column":57}},"line":1}},"f":{"0":1}}
,"/home/usuario/prct06-generics-solid-JoseAngelGlz/src/ejercicio-6.ts": {"path":"/home/usuario/prct06-generics-solid-JoseAngelGlz/src/ejercicio-6.ts","all":true,"statementMap":{},"s":{},"branchMap":{"0":{"type":"branch","line":1,"loc":{"start":{"line":1,"column":380},"end":{"line":23,"column":40}},"locations":[{"start":{"line":1,"column":380},"end":{"line":23,"column":40}}]}},"b":{"0":[1]},"fnMap":{"0":{"name":"(empty-report)","decl":{"start":{"line":1,"column":380},"end":{"line":23,"column":40}},"loc":{"start":{"line":1,"column":380},"end":{"line":23,"column":40}},"line":1}},"f":{"0":1}}
,"/home/usuario/prct06-generics-solid-JoseAngelGlz/src/ejercicio-1/content.ts": {"path":"/home/usuario/prct06-generics-solid-JoseAngelGlz/src/ejercicio-1/content.ts","all":false,"statementMap":{"3":{"start":{"line":4,"column":0},"end":{"line":4,"column":22}},"4":{"start":{"line":5,"column":0},"end":{"line":5,"column":24}},"5":{"start":{"line":6,"column":0},"end":{"line":6,"column":24}},"15":{"start":{"line":16,"column":0},"end":{"line":16,"column":43}},"16":{"start":{"line":17,"column":0},"end":{"line":17,"column":21}},"17":{"start":{"line":18,"column":0},"end":{"line":18,"column":21}},"18":{"start":{"line":19,"column":0},"end":{"line":19,"column":3}},"19":{"start":{"line":20,"column":0},"end":{"line":20,"column":1}},"24":{"start":{"line":25,"column":0},"end":{"line":25,"column":35}},"25":{"start":{"line":26,"column":0},"end":{"line":26,"column":28}},"36":{"start":{"line":37,"column":0},"end":{"line":37,"column":61}},"37":{"start":{"line":38,"column":0},"end":{"line":38,"column":22}},"38":{"start":{"line":39,"column":0},"end":{"line":39,"column":29}},"39":{"start":{"line":40,"column":0},"end":{"line":40,"column":3}},"40":{"start":{"line":41,"column":0},"end":{"line":41,"column":1}},"45":{"start":{"line":46,"column":0},"end":{"line":46,"column":42}},"46":{"start":{"line":47,"column":0},"end":{"line":47,"column":28}},"57":{"start":{"line":58,"column":0},"end":{"line":58,"column":61}},"58":{"start":{"line":59,"column":0},"end":{"line":59,"column":22}},"59":{"start":{"line":60,"column":0},"end":{"line":60,"column":29}},"60":{"start":{"line":61,"column":0},"end":{"line":61,"column":3}},"61":{"start":{"line":62,"column":0},"end":{"line":62,"column":1}},"66":{"start":{"line":67,"column":0},"end":{"line":67,"column":36}},"67":{"start":{"line":68,"column":0},"end":{"line":68,"column":27}},"78":{"start":{"line":79,"column":0},"end":{"line":79,"column":60}},"79":{"start":{"line":80,"column":0},"end":{"line":80,"column":22}},"80":{"start":{"line":81,"column":0},"end":{"line":81,"column":27}},"81":{"start":{"line":82,"column":0},"end":{"line":82,"column":3}},"82":{"start":{"line":83,"column":0},"end":{"line":83,"column":1}}},"s":{"3":1,"4":1,"5":22,"15":1,"16":22,"17":22,"18":22,"19":1,"24":1,"25":1,"36":1,"37":8,"38":8,"39":8,"40":1,"45":1,"46":1,"57":1,"58":8,"59":8,"60":8,"61":1,"66":1,"67":1,"78":1,"79":4,"80":4,"81":4,"82":1},"branchMap":{"0":{"type":"branch","line":5,"loc":{"start":{"line":5,"column":11},"end":{"line":6,"column":24}},"locations":[{"start":{"line":5,"column":11},"end":{"line":6,"column":24}}]},"1":{"type":"branch","line":5,"loc":{"start":{"line":5,"column":2},"end":{"line":5,"column":24}},"locations":[{"start":{"line":5,"column":2},"end":{"line":5,"column":24}}]},"2":{"type":"branch","line":5,"loc":{"start":{"line":5,"column":2},"end":{"line":5,"column":24}},"locations":[{"start":{"line":5,"column":2},"end":{"line":5,"column":24}}]},"3":{"type":"branch","line":6,"loc":{"start":{"line":6,"column":2},"end":{"line":6,"column":24}},"locations":[{"start":{"line":6,"column":2},"end":{"line":6,"column":24}}]},"4":{"type":"branch","line":6,"loc":{"start":{"line":6,"column":2},"end":{"line":6,"column":24}},"locations":[{"start":{"line":6,"column":2},"end":{"line":6,"column":24}}]},"5":{"type":"branch","line":16,"loc":{"start":{"line":16,"column":2},"end":{"line":19,"column":3}},"locations":[{"start":{"line":16,"column":2},"end":{"line":19,"column":3}}]},"6":{"type":"branch","line":26,"loc":{"start":{"line":26,"column":11},"end":{"line":26,"column":28}},"locations":[{"start":{"line":26,"column":11},"end":{"line":26,"column":28}}]},"7":{"type":"branch","line":26,"loc":{"start":{"line":26,"column":2},"end":{"line":26,"column":28}},"locations":[{"start":{"line":26,"column":2},"end":{"line":26,"column":28}}]},"8":{"type":"branch","line":26,"loc":{"start":{"line":26,"column":2},"end":{"line":26,"column":28}},"locations":[{"start":{"line":26,"column":2},"end":{"line":26,"column":28}}]},"9":{"type":"branch","line":37,"loc":{"start":{"line":37,"column":2},"end":{"line":40,"column":3}},"locations":[{"start":{"line":37,"column":2},"end":{"line":40,"column":3}}]},"10":{"type":"branch","line":47,"loc":{"start":{"line":47,"column":11},"end":{"line":47,"column":28}},"locations":[{"start":{"line":47,"column":11},"end":{"line":47,"column":28}}]},"11":{"type":"branch","line":47,"loc":{"start":{"line":47,"column":2},"end":{"line":47,"column":28}},"locations":[{"start":{"line":47,"column":2},"end":{"line":47,"column":28}}]},"12":{"type":"branch","line":47,"loc":{"start":{"line":47,"column":2},"end":{"line":47,"column":28}},"locations":[{"start":{"line":47,"column":2},"end":{"line":47,"column":28}}]},"13":{"type":"branch","line":58,"loc":{"start":{"line":58,"column":2},"end":{"line":61,"column":3}},"locations":[{"start":{"line":58,"column":2},"end":{"line":61,"column":3}}]},"14":{"type":"branch","line":68,"loc":{"start":{"line":68,"column":11},"end":{"line":68,"column":27}},"locations":[{"start":{"line":68,"column":11},"end":{"line":68,"column":27}}]},"15":{"type":"branch","line":68,"loc":{"start":{"line":68,"column":2},"end":{"line":68,"column":27}},"locations":[{"start":{"line":68,"column":2},"end":{"line":68,"column":27}}]},"16":{"type":"branch","line":68,"loc":{"start":{"line":68,"column":2},"end":{"line":68,"column":27}},"locations":[{"start":{"line":68,"column":2},"end":{"line":68,"column":27}}]},"17":{"type":"branch","line":79,"loc":{"start":{"line":79,"column":2},"end":{"line":82,"column":3}},"locations":[{"start":{"line":79,"column":2},"end":{"line":82,"column":3}}]}},"b":{"0":[22],"1":[9],"2":[26],"3":[10],"4":[26],"5":[22],"6":[8],"7":[3],"8":[9],"9":[8],"10":[8],"11":[3],"12":[9],"13":[8],"14":[4],"15":[3],"16":[5],"17":[4]},"fnMap":{"0":{"name":"<instance_members_initializer>","decl":{"start":{"line":5,"column":11},"end":{"line":6,"column":24}},"loc":{"start":{"line":5,"column":11},"end":{"line":6,"column":24}},"line":5},"1":{"name":"get name","decl":{"start":{"line":5,"column":2},"end":{"line":5,"column":24}},"loc":{"start":{"line":5,"column":2},"end":{"line":5,"column":24}},"line":5},"2":{"name":"set name","decl":{"start":{"line":5,"column":2},"end":{"line":5,"column":24}},"loc":{"start":{"line":5,"column":2},"end":{"line":5,"column":24}},"line":5},"3":{"name":"get year","decl":{"start":{"line":6,"column":2},"end":{"line":6,"column":24}},"loc":{"start":{"line":6,"column":2},"end":{"line":6,"column":24}},"line":6},"4":{"name":"set year","decl":{"start":{"line":6,"column":2},"end":{"line":6,"column":24}},"loc":{"start":{"line":6,"column":2},"end":{"line":6,"column":24}},"line":6},"5":{"name":"Content","decl":{"start":{"line":16,"column":2},"end":{"line":19,"column":3}},"loc":{"start":{"line":16,"column":2},"end":{"line":19,"column":3}},"line":16},"6":{"name":"<instance_members_initializer>","decl":{"start":{"line":26,"column":11},"end":{"line":26,"column":28}},"loc":{"start":{"line":26,"column":11},"end":{"line":26,"column":28}},"line":26},"7":{"name":"get duration","decl":{"start":{"line":26,"column":2},"end":{"line":26,"column":28}},"loc":{"start":{"line":26,"column":2},"end":{"line":26,"column":28}},"line":26},"8":{"name":"set duration","decl":{"start":{"line":26,"column":2},"end":{"line":26,"column":28}},"loc":{"start":{"line":26,"column":2},"end":{"line":26,"column":28}},"line":26},"9":{"name":"Film","decl":{"start":{"line":37,"column":2},"end":{"line":40,"column":3}},"loc":{"start":{"line":37,"column":2},"end":{"line":40,"column":3}},"line":37},"10":{"name":"<instance_members_initializer>","decl":{"start":{"line":47,"column":11},"end":{"line":47,"column":28}},"loc":{"start":{"line":47,"column":11},"end":{"line":47,"column":28}},"line":47},"11":{"name":"get duration","decl":{"start":{"line":47,"column":2},"end":{"line":47,"column":28}},"loc":{"start":{"line":47,"column":2},"end":{"line":47,"column":28}},"line":47},"12":{"name":"set duration","decl":{"start":{"line":47,"column":2},"end":{"line":47,"column":28}},"loc":{"start":{"line":47,"column":2},"end":{"line":47,"column":28}},"line":47},"13":{"name":"Documentary","decl":{"start":{"line":58,"column":2},"end":{"line":61,"column":3}},"loc":{"start":{"line":58,"column":2},"end":{"line":61,"column":3}},"line":58},"14":{"name":"<instance_members_initializer>","decl":{"start":{"line":68,"column":11},"end":{"line":68,"column":27}},"loc":{"start":{"line":68,"column":11},"end":{"line":68,"column":27}},"line":68},"15":{"name":"get seasons","decl":{"start":{"line":68,"column":2},"end":{"line":68,"column":27}},"loc":{"start":{"line":68,"column":2},"end":{"line":68,"column":27}},"line":68},"16":{"name":"set seasons","decl":{"start":{"line":68,"column":2},"end":{"line":68,"column":27}},"loc":{"start":{"line":68,"column":2},"end":{"line":68,"column":27}},"line":68},"17":{"name":"Serie","decl":{"start":{"line":79,"column":2},"end":{"line":82,"column":3}},"loc":{"start":{"line":79,"column":2},"end":{"line":82,"column":3}},"line":79}},"f":{"0":22,"1":9,"2":26,"3":10,"4":26,"5":22,"6":8,"7":3,"8":9,"9":8,"10":8,"11":3,"12":9,"13":8,"14":4,"15":3,"16":5,"17":4}}
,"/home/usuario/prct06-generics-solid-JoseAngelGlz/src/ejercicio-1/streamable.ts": {"path":"/home/usuario/prct06-generics-solid-JoseAngelGlz/src/ejercicio-1/streamable.ts","all":false,"statementMap":{"0":{"start":{"line":1,"column":0},"end":{"line":1,"column":62}},"27":{"start":{"line":28,"column":0},"end":{"line":28,"column":39}},"28":{"start":{"line":29,"column":0},"end":{"line":29,"column":36}},"40":{"start":{"line":41,"column":0},"end":{"line":41,"column":38}},"41":{"start":{"line":42,"column":0},"end":{"line":42,"column":32}},"42":{"start":{"line":43,"column":0},"end":{"line":43,"column":3}},"43":{"start":{"line":44,"column":0},"end":{"line":44,"column":1}},"48":{"start":{"line":49,"column":0},"end":{"line":49,"column":121}},"60":{"start":{"line":61,"column":0},"end":{"line":61,"column":51}},"61":{"start":{"line":62,"column":0},"end":{"line":62,"column":52}},"62":{"start":{"line":63,"column":0},"end":{"line":63,"column":3}},"75":{"start":{"line":76,"column":0},"end":{"line":76,"column":51}},"76":{"start":{"line":77,"column":0},"end":{"line":77,"column":52}},"77":{"start":{"line":78,"column":0},"end":{"line":78,"column":3}},"78":{"start":{"line":79,"column":0},"end":{"line":79,"column":1}},"83":{"start":{"line":84,"column":0},"end":{"line":84,"column":159}},"95":{"start":{"line":96,"column":0},"end":{"line":96,"column":70}},"96":{"start":{"line":97,"column":0},"end":{"line":97,"column":131}},"97":{"start":{"line":98,"column":0},"end":{"line":98,"column":3}},"98":{"start":{"line":99,"column":0},"end":{"line":99,"column":1}},"103":{"start":{"line":104,"column":0},"end":{"line":104,"column":126}},"115":{"start":{"line":116,"column":0},"end":{"line":116,"column":55}},"116":{"start":{"line":117,"column":0},"end":{"line":117,"column":101}},"117":{"start":{"line":118,"column":0},"end":{"line":118,"column":3}},"118":{"start":{"line":119,"column":0},"end":{"line":119,"column":1}}},"s":{"0":1,"27":1,"28":1,"40":1,"41":13,"42":13,"43":1,"48":1,"60":1,"61":1,"62":1,"75":1,"76":1,"77":1,"78":1,"83":1,"95":1,"96":1,"97":1,"98":1,"103":1,"115":1,"116":1,"117":1,"118":1},"branchMap":{"0":{"type":"branch","line":29,"loc":{"start":{"line":29,"column":11},"end":{"line":29,"column":36}},"locations":[{"start":{"line":29,"column":11},"end":{"line":29,"column":36}}]},"1":{"type":"branch","line":29,"loc":{"start":{"line":29,"column":2},"end":{"line":29,"column":33}},"locations":[{"start":{"line":29,"column":2},"end":{"line":29,"column":33}}]},"2":{"type":"branch","line":29,"loc":{"start":{"line":29,"column":2},"end":{"line":29,"column":33}},"locations":[{"start":{"line":29,"column":2},"end":{"line":29,"column":33}}]},"3":{"type":"branch","line":41,"loc":{"start":{"line":41,"column":2},"end":{"line":43,"column":3}},"locations":[{"start":{"line":41,"column":2},"end":{"line":43,"column":3}}]},"4":{"type":"branch","line":61,"loc":{"start":{"line":61,"column":2},"end":{"line":63,"column":3}},"locations":[{"start":{"line":61,"column":2},"end":{"line":63,"column":3}}]},"5":{"type":"branch","line":62,"loc":{"start":{"line":62,"column":30},"end":{"line":62,"column":50}},"locations":[{"start":{"line":62,"column":30},"end":{"line":62,"column":50}}]},"6":{"type":"branch","line":76,"loc":{"start":{"line":76,"column":2},"end":{"line":78,"column":3}},"locations":[{"start":{"line":76,"column":2},"end":{"line":78,"column":3}}]},"7":{"type":"branch","line":77,"loc":{"start":{"line":77,"column":30},"end":{"line":77,"column":50}},"locations":[{"start":{"line":77,"column":30},"end":{"line":77,"column":50}}]},"8":{"type":"branch","line":96,"loc":{"start":{"line":96,"column":2},"end":{"line":98,"column":3}},"locations":[{"start":{"line":96,"column":2},"end":{"line":98,"column":3}}]},"9":{"type":"branch","line":97,"loc":{"start":{"line":97,"column":30},"end":{"line":97,"column":109}},"locations":[{"start":{"line":97,"column":30},"end":{"line":97,"column":109}}]},"10":{"type":"branch","line":97,"loc":{"start":{"line":97,"column":49},"end":{"line":97,"column":86}},"locations":[{"start":{"line":97,"column":49},"end":{"line":97,"column":86}}]},"11":{"type":"branch","line":116,"loc":{"start":{"line":116,"column":2},"end":{"line":118,"column":3}},"locations":[{"start":{"line":116,"column":2},"end":{"line":118,"column":3}}]},"12":{"type":"branch","line":117,"loc":{"start":{"line":117,"column":30},"end":{"line":117,"column":78}},"locations":[{"start":{"line":117,"column":30},"end":{"line":117,"column":78}}]}},"b":{"0":[7],"1":[20],"2":[1],"3":[13],"4":[1],"5":[1],"6":[1],"7":[2],"8":[1],"9":[2],"10":[1],"11":[1],"12":[1]},"fnMap":{"0":{"name":"<instance_members_initializer>","decl":{"start":{"line":29,"column":11},"end":{"line":29,"column":36}},"loc":{"start":{"line":29,"column":11},"end":{"line":29,"column":36}},"line":29},"1":{"name":"get contents","decl":{"start":{"line":29,"column":2},"end":{"line":29,"column":33}},"loc":{"start":{"line":29,"column":2},"end":{"line":29,"column":33}},"line":29},"2":{"name":"set contents","decl":{"start":{"line":29,"column":2},"end":{"line":29,"column":33}},"loc":{"start":{"line":29,"column":2},"end":{"line":29,"column":33}},"line":29},"3":{"name":"addContent","decl":{"start":{"line":41,"column":2},"end":{"line":43,"column":3}},"loc":{"start":{"line":41,"column":2},"end":{"line":43,"column":3}},"line":41},"4":{"name":"searchByName","decl":{"start":{"line":61,"column":2},"end":{"line":63,"column":3}},"loc":{"start":{"line":61,"column":2},"end":{"line":63,"column":3}},"line":61},"5":{"name":"searchByYear","decl":{"start":{"line":76,"column":2},"end":{"line":78,"column":3}},"loc":{"start":{"line":76,"column":2},"end":{"line":78,"column":3}},"line":76},"6":{"name":"searchByDuration","decl":{"start":{"line":96,"column":2},"end":{"line":98,"column":3}},"loc":{"start":{"line":96,"column":2},"end":{"line":98,"column":3}},"line":96},"7":{"name":"searchBySeasons","decl":{"start":{"line":116,"column":2},"end":{"line":118,"column":3}},"loc":{"start":{"line":116,"column":2},"end":{"line":118,"column":3}},"line":116}},"f":{"0":7,"1":20,"2":1,"3":13,"4":1,"5":1,"6":1,"7":1}}
,"/home/usuario/prct06-generics-solid-JoseAngelGlz/src/ejercicio-2/artist.ts": {"path":"/home/usuario/prct06-generics-solid-JoseAngelGlz/src/ejercicio-2/artist.ts","all":false,"statementMap":{"12":{"start":{"line":13,"column":0},"end":{"line":13,"column":47}},"13":{"start":{"line":14,"column":0},"end":{"line":14,"column":24}},"14":{"start":{"line":15,"column":0},"end":{"line":15,"column":23}},"15":{"start":{"line":16,"column":0},"end":{"line":16,"column":28}},"26":{"start":{"line":27,"column":0},"end":{"line":27,"column":60}},"27":{"start":{"line":28,"column":0},"end":{"line":28,"column":21}},"28":{"start":{"line":29,"column":0},"end":{"line":29,"column":19}},"29":{"start":{"line":30,"column":0},"end":{"line":30,"column":35}},"30":{"start":{"line":31,"column":0},"end":{"line":31,"column":3}},"39":{"start":{"line":40,"column":0},"end":{"line":40,"column":30}},"40":{"start":{"line":41,"column":0},"end":{"line":41,"column":76}},"41":{"start":{"line":42,"column":0},"end":{"line":42,"column":18}},"42":{"start":{"line":43,"column":0},"end":{"line":43,"column":3}},"43":{"start":{"line":44,"column":0},"end":{"line":44,"column":1}},"48":{"start":{"line":49,"column":0},"end":{"line":49,"column":95}},"56":{"start":{"line":57,"column":0},"end":{"line":57,"column":30}},"57":{"start":{"line":58,"column":0},"end":{"line":58,"column":58}},"58":{"start":{"line":59,"column":0},"end":{"line":59,"column":43}},"59":{"start":{"line":60,"column":0},"end":{"line":60,"column":36}},"60":{"start":{"line":61,"column":0},"end":{"line":61,"column":7}},"61":{"start":{"line":62,"column":0},"end":{"line":62,"column":18}},"62":{"start":{"line":63,"column":0},"end":{"line":63,"column":3}},"63":{"start":{"line":64,"column":0},"end":{"line":64,"column":1}}},"s":{"12":1,"13":1,"14":4,"15":4,"26":1,"27":4,"28":4,"29":4,"30":4,"39":1,"40":1,"41":1,"42":1,"43":1,"48":1,"56":1,"57":1,"58":1,"59":2,"60":1,"61":1,"62":1,"63":1},"branchMap":{"0":{"type":"branch","line":14,"loc":{"start":{"line":14,"column":11},"end":{"line":16,"column":28}},"locations":[{"start":{"line":14,"column":11},"end":{"line":16,"column":28}}]},"1":{"type":"branch","line":14,"loc":{"start":{"line":14,"column":2},"end":{"line":14,"column":24}},"locations":[{"start":{"line":14,"column":2},"end":{"line":14,"column":24}}]},"2":{"type":"branch","line":14,"loc":{"start":{"line":14,"column":2},"end":{"line":14,"column":24}},"locations":[{"start":{"line":14,"column":2},"end":{"line":14,"column":24}}]},"3":{"type":"branch","line":15,"loc":{"start":{"line":15,"column":2},"end":{"line":15,"column":23}},"locations":[{"start":{"line":15,"column":2},"end":{"line":15,"column":23}}]},"4":{"type":"branch","line":15,"loc":{"start":{"line":15,"column":2},"end":{"line":15,"column":23}},"locations":[{"start":{"line":15,"column":2},"end":{"line":15,"column":23}}]},"5":{"type":"branch","line":16,"loc":{"start":{"line":16,"column":2},"end":{"line":16,"column":28}},"locations":[{"start":{"line":16,"column":2},"end":{"line":16,"column":28}}]},"6":{"type":"branch","line":16,"loc":{"start":{"line":16,"column":2},"end":{"line":16,"column":28}},"locations":[{"start":{"line":16,"column":2},"end":{"line":16,"column":28}}]},"7":{"type":"branch","line":27,"loc":{"start":{"line":27,"column":2},"end":{"line":31,"column":3}},"locations":[{"start":{"line":27,"column":2},"end":{"line":31,"column":3}}]},"8":{"type":"branch","line":40,"loc":{"start":{"line":40,"column":2},"end":{"line":43,"column":3}},"locations":[{"start":{"line":40,"column":2},"end":{"line":43,"column":3}}]},"9":{"type":"branch","line":57,"loc":{"start":{"line":57,"column":2},"end":{"line":63,"column":3}},"locations":[{"start":{"line":57,"column":2},"end":{"line":63,"column":3}}]},"10":{"type":"branch","line":59,"loc":{"start":{"line":59,"column":29},"end":{"line":61,"column":5}},"locations":[{"start":{"line":59,"column":29},"end":{"line":61,"column":5}}]}},"b":{"0":[4],"1":[4],"2":[5],"3":[2],"4":[5],"5":[3],"6":[5],"7":[4],"8":[1],"9":[1],"10":[2]},"fnMap":{"0":{"name":"<instance_members_initializer>","decl":{"start":{"line":14,"column":11},"end":{"line":16,"column":28}},"loc":{"start":{"line":14,"column":11},"end":{"line":16,"column":28}},"line":14},"1":{"name":"get name","decl":{"start":{"line":14,"column":2},"end":{"line":14,"column":24}},"loc":{"start":{"line":14,"column":2},"end":{"line":14,"column":24}},"line":14},"2":{"name":"set name","decl":{"start":{"line":14,"column":2},"end":{"line":14,"column":24}},"loc":{"start":{"line":14,"column":2},"end":{"line":14,"column":24}},"line":14},"3":{"name":"get age","decl":{"start":{"line":15,"column":2},"end":{"line":15,"column":23}},"loc":{"start":{"line":15,"column":2},"end":{"line":15,"column":23}},"line":15},"4":{"name":"set age","decl":{"start":{"line":15,"column":2},"end":{"line":15,"column":23}},"loc":{"start":{"line":15,"column":2},"end":{"line":15,"column":23}},"line":15},"5":{"name":"get discography","decl":{"start":{"line":16,"column":2},"end":{"line":16,"column":28}},"loc":{"start":{"line":16,"column":2},"end":{"line":16,"column":28}},"line":16},"6":{"name":"set discography","decl":{"start":{"line":16,"column":2},"end":{"line":16,"column":28}},"loc":{"start":{"line":16,"column":2},"end":{"line":16,"column":28}},"line":16},"7":{"name":"Artist","decl":{"start":{"line":27,"column":2},"end":{"line":31,"column":3}},"loc":{"start":{"line":27,"column":2},"end":{"line":31,"column":3}},"line":27},"8":{"name":"printDiscography","decl":{"start":{"line":40,"column":2},"end":{"line":43,"column":3}},"loc":{"start":{"line":40,"column":2},"end":{"line":43,"column":3}},"line":40},"9":{"name":"printDiscography","decl":{"start":{"line":57,"column":2},"end":{"line":63,"column":3}},"loc":{"start":{"line":57,"column":2},"end":{"line":63,"column":3}},"line":57}},"f":{"0":4,"1":4,"2":5,"3":2,"4":5,"5":3,"6":5,"7":4,"8":1,"9":1}}
,"/home/usuario/prct06-generics-solid-JoseAngelGlz/src/ejercicio-2/music.ts": {"path":"/home/usuario/prct06-generics-solid-JoseAngelGlz/src/ejercicio-2/music.ts","all":false,"statementMap":{"3":{"start":{"line":4,"column":0},"end":{"line":4,"column":19}},"4":{"start":{"line":5,"column":0},"end":{"line":5,"column":24}},"5":{"start":{"line":6,"column":0},"end":{"line":6,"column":25}},"6":{"start":{"line":7,"column":0},"end":{"line":7,"column":24}},"17":{"start":{"line":18,"column":0},"end":{"line":18,"column":58}},"18":{"start":{"line":19,"column":0},"end":{"line":19,"column":21}},"19":{"start":{"line":20,"column":0},"end":{"line":20,"column":23}},"20":{"start":{"line":21,"column":0},"end":{"line":21,"column":21}},"21":{"start":{"line":22,"column":0},"end":{"line":22,"column":3}},"22":{"start":{"line":23,"column":0},"end":{"line":23,"column":1}},"27":{"start":{"line":28,"column":0},"end":{"line":28,"column":21}},"28":{"start":{"line":29,"column":0},"end":{"line":29,"column":24}},"29":{"start":{"line":30,"column":0},"end":{"line":30,"column":22}},"39":{"start":{"line":40,"column":0},"end":{"line":40,"column":41}},"40":{"start":{"line":41,"column":0},"end":{"line":41,"column":21}},"41":{"start":{"line":42,"column":0},"end":{"line":42,"column":21}},"42":{"start":{"line":43,"column":0},"end":{"line":43,"column":3}},"43":{"start":{"line":44,"column":0},"end":{"line":44,"column":1}},"48":{"start":{"line":49,"column":0},"end":{"line":49,"column":20}},"49":{"start":{"line":50,"column":0},"end":{"line":50,"column":24}},"50":{"start":{"line":51,"column":0},"end":{"line":51,"column":25}},"60":{"start":{"line":61,"column":0},"end":{"line":61,"column":44}},"61":{"start":{"line":62,"column":0},"end":{"line":62,"column":21}},"62":{"start":{"line":63,"column":0},"end":{"line":63,"column":23}},"63":{"start":{"line":64,"column":0},"end":{"line":64,"column":3}},"64":{"start":{"line":65,"column":0},"end":{"line":65,"column":1}}},"s":{"3":1,"4":1,"5":22,"6":22,"17":1,"18":22,"19":22,"20":22,"21":22,"22":1,"27":1,"28":1,"29":6,"39":1,"40":6,"41":6,"42":6,"43":1,"48":1,"49":1,"50":6,"60":1,"61":6,"62":6,"63":6,"64":1},"branchMap":{"0":{"type":"branch","line":5,"loc":{"start":{"line":5,"column":11},"end":{"line":7,"column":24}},"locations":[{"start":{"line":5,"column":11},"end":{"line":7,"column":24}}]},"1":{"type":"branch","line":5,"loc":{"start":{"line":5,"column":2},"end":{"line":5,"column":24}},"locations":[{"start":{"line":5,"column":2},"end":{"line":5,"column":24}}]},"2":{"type":"branch","line":5,"loc":{"start":{"line":5,"column":2},"end":{"line":5,"column":24}},"locations":[{"start":{"line":5,"column":2},"end":{"line":5,"column":24}}]},"3":{"type":"branch","line":6,"loc":{"start":{"line":6,"column":2},"end":{"line":6,"column":25}},"locations":[{"start":{"line":6,"column":2},"end":{"line":6,"column":25}}]},"4":{"type":"branch","line":6,"loc":{"start":{"line":6,"column":2},"end":{"line":6,"column":25}},"locations":[{"start":{"line":6,"column":2},"end":{"line":6,"column":25}}]},"5":{"type":"branch","line":7,"loc":{"start":{"line":7,"column":2},"end":{"line":7,"column":24}},"locations":[{"start":{"line":7,"column":2},"end":{"line":7,"column":24}}]},"6":{"type":"branch","line":7,"loc":{"start":{"line":7,"column":2},"end":{"line":7,"column":24}},"locations":[{"start":{"line":7,"column":2},"end":{"line":7,"column":24}}]},"7":{"type":"branch","line":18,"loc":{"start":{"line":18,"column":2},"end":{"line":22,"column":3}},"locations":[{"start":{"line":18,"column":2},"end":{"line":22,"column":3}}]},"8":{"type":"branch","line":29,"loc":{"start":{"line":29,"column":11},"end":{"line":30,"column":22}},"locations":[{"start":{"line":29,"column":11},"end":{"line":30,"column":22}}]},"9":{"type":"branch","line":29,"loc":{"start":{"line":29,"column":2},"end":{"line":29,"column":24}},"locations":[{"start":{"line":29,"column":2},"end":{"line":29,"column":24}}]},"10":{"type":"branch","line":29,"loc":{"start":{"line":29,"column":2},"end":{"line":29,"column":24}},"locations":[{"start":{"line":29,"column":2},"end":{"line":29,"column":24}}]},"11":{"type":"branch","line":30,"loc":{"start":{"line":30,"column":2},"end":{"line":30,"column":22}},"locations":[{"start":{"line":30,"column":2},"end":{"line":30,"column":22}}]},"12":{"type":"branch","line":30,"loc":{"start":{"line":30,"column":2},"end":{"line":30,"column":22}},"locations":[{"start":{"line":30,"column":2},"end":{"line":30,"column":22}}]},"13":{"type":"branch","line":40,"loc":{"start":{"line":40,"column":2},"end":{"line":43,"column":3}},"locations":[{"start":{"line":40,"column":2},"end":{"line":43,"column":3}}]},"14":{"type":"branch","line":50,"loc":{"start":{"line":50,"column":11},"end":{"line":51,"column":25}},"locations":[{"start":{"line":50,"column":11},"end":{"line":51,"column":25}}]},"15":{"type":"branch","line":50,"loc":{"start":{"line":50,"column":2},"end":{"line":50,"column":24}},"locations":[{"start":{"line":50,"column":2},"end":{"line":50,"column":24}}]},"16":{"type":"branch","line":50,"loc":{"start":{"line":50,"column":2},"end":{"line":50,"column":24}},"locations":[{"start":{"line":50,"column":2},"end":{"line":50,"column":24}}]},"17":{"type":"branch","line":51,"loc":{"start":{"line":51,"column":2},"end":{"line":51,"column":25}},"locations":[{"start":{"line":51,"column":2},"end":{"line":51,"column":25}}]},"18":{"type":"branch","line":51,"loc":{"start":{"line":51,"column":2},"end":{"line":51,"column":25}},"locations":[{"start":{"line":51,"column":2},"end":{"line":51,"column":25}}]},"19":{"type":"branch","line":61,"loc":{"start":{"line":61,"column":2},"end":{"line":64,"column":3}},"locations":[{"start":{"line":61,"column":2},"end":{"line":64,"column":3}}]}},"b":{"0":[22],"1":[2],"2":[23],"3":[2],"4":[23],"5":[2],"6":[23],"7":[22],"8":[6],"9":[3],"10":[7],"11":[2],"12":[7],"13":[6],"14":[6],"15":[3],"16":[7],"17":[2],"18":[7],"19":[6]},"fnMap":{"0":{"name":"<instance_members_initializer>","decl":{"start":{"line":5,"column":11},"end":{"line":7,"column":24}},"loc":{"start":{"line":5,"column":11},"end":{"line":7,"column":24}},"line":5},"1":{"name":"get name","decl":{"start":{"line":5,"column":2},"end":{"line":5,"column":24}},"loc":{"start":{"line":5,"column":2},"end":{"line":5,"column":24}},"line":5},"2":{"name":"set name","decl":{"start":{"line":5,"column":2},"end":{"line":5,"column":24}},"loc":{"start":{"line":5,"column":2},"end":{"line":5,"column":24}},"line":5},"3":{"name":"get views","decl":{"start":{"line":6,"column":2},"end":{"line":6,"column":25}},"loc":{"start":{"line":6,"column":2},"end":{"line":6,"column":25}},"line":6},"4":{"name":"set views","decl":{"start":{"line":6,"column":2},"end":{"line":6,"column":25}},"loc":{"start":{"line":6,"column":2},"end":{"line":6,"column":25}},"line":6},"5":{"name":"get year","decl":{"start":{"line":7,"column":2},"end":{"line":7,"column":24}},"loc":{"start":{"line":7,"column":2},"end":{"line":7,"column":24}},"line":7},"6":{"name":"set year","decl":{"start":{"line":7,"column":2},"end":{"line":7,"column":24}},"loc":{"start":{"line":7,"column":2},"end":{"line":7,"column":24}},"line":7},"7":{"name":"Song","decl":{"start":{"line":18,"column":2},"end":{"line":22,"column":3}},"loc":{"start":{"line":18,"column":2},"end":{"line":22,"column":3}},"line":18},"8":{"name":"<instance_members_initializer>","decl":{"start":{"line":29,"column":11},"end":{"line":30,"column":22}},"loc":{"start":{"line":29,"column":11},"end":{"line":30,"column":22}},"line":29},"9":{"name":"get name","decl":{"start":{"line":29,"column":2},"end":{"line":29,"column":24}},"loc":{"start":{"line":29,"column":2},"end":{"line":29,"column":24}},"line":29},"10":{"name":"set name","decl":{"start":{"line":29,"column":2},"end":{"line":29,"column":24}},"loc":{"start":{"line":29,"column":2},"end":{"line":29,"column":24}},"line":29},"11":{"name":"get song","decl":{"start":{"line":30,"column":2},"end":{"line":30,"column":22}},"loc":{"start":{"line":30,"column":2},"end":{"line":30,"column":22}},"line":30},"12":{"name":"set song","decl":{"start":{"line":30,"column":2},"end":{"line":30,"column":22}},"loc":{"start":{"line":30,"column":2},"end":{"line":30,"column":22}},"line":30},"13":{"name":"Single","decl":{"start":{"line":40,"column":2},"end":{"line":43,"column":3}},"loc":{"start":{"line":40,"column":2},"end":{"line":43,"column":3}},"line":40},"14":{"name":"<instance_members_initializer>","decl":{"start":{"line":50,"column":11},"end":{"line":51,"column":25}},"loc":{"start":{"line":50,"column":11},"end":{"line":51,"column":25}},"line":50},"15":{"name":"get name","decl":{"start":{"line":50,"column":2},"end":{"line":50,"column":24}},"loc":{"start":{"line":50,"column":2},"end":{"line":50,"column":24}},"line":50},"16":{"name":"set name","decl":{"start":{"line":50,"column":2},"end":{"line":50,"column":24}},"loc":{"start":{"line":50,"column":2},"end":{"line":50,"column":24}},"line":50},"17":{"name":"get songs","decl":{"start":{"line":51,"column":2},"end":{"line":51,"column":25}},"loc":{"start":{"line":51,"column":2},"end":{"line":51,"column":25}},"line":51},"18":{"name":"set songs","decl":{"start":{"line":51,"column":2},"end":{"line":51,"column":25}},"loc":{"start":{"line":51,"column":2},"end":{"line":51,"column":25}},"line":51},"19":{"name":"Album","decl":{"start":{"line":61,"column":2},"end":{"line":64,"column":3}},"loc":{"start":{"line":61,"column":2},"end":{"line":64,"column":3}},"line":61}},"f":{"0":22,"1":2,"2":23,"3":2,"4":23,"5":2,"6":23,"7":22,"8":6,"9":3,"10":7,"11":2,"12":7,"13":6,"14":6,"15":3,"16":7,"17":2,"18":7,"19":6}}
}
